current directory: /home/deploy/myapp/shared/bundle/ruby/3.2.0/gems/bootsnap-1.17.0/ext/bootsnap
/home/deploy/.rbenv/versions/3.2.2/bin/ruby extconf.rb
creating Makefile

current directory: /home/deploy/myapp/shared/bundle/ruby/3.2.0/gems/bootsnap-1.17.0/ext/bootsnap
make DESTDIR\= sitearchdir\=./.gem.20231218-4692-d00al2 sitelibdir\=./.gem.20231218-4692-d00al2 clean

current directory: /home/deploy/myapp/shared/bundle/ruby/3.2.0/gems/bootsnap-1.17.0/ext/bootsnap
make DESTDIR\= sitearchdir\=./.gem.20231218-4692-d00al2 sitelibdir\=./.gem.20231218-4692-d00al2
compiling bootsnap.c
bootsnap.c: In function ‘bs_precompile’:
bootsnap.c:822:10: warning: unused variable ‘contents’ [-Wunused-variable]
  822 |   char * contents = NULL;
      |          ^~~~~~~~
bootsnap.c: At top level:
cc1: note: unrecognized command-line option ‘-Wno-self-assign’ may have been intended to silence earlier diagnostics
cc1: note: unrecognized command-line option ‘-Wno-parentheses-equality’ may have been intended to silence earlier diagnostics
cc1: note: unrecognized command-line option ‘-Wno-constant-logical-operand’ may have been intended to silence earlier diagnostics
linking shared-object bootsnap/bootsnap.so

current directory: /home/deploy/myapp/shared/bundle/ruby/3.2.0/gems/bootsnap-1.17.0/ext/bootsnap
make DESTDIR\= sitearchdir\=./.gem.20231218-4692-d00al2 sitelibdir\=./.gem.20231218-4692-d00al2 install
/usr/bin/install -c -m 0755 bootsnap.so ./.gem.20231218-4692-d00al2/bootsnap

current directory: /home/deploy/myapp/shared/bundle/ruby/3.2.0/gems/bootsnap-1.17.0/ext/bootsnap
make DESTDIR\= sitearchdir\=./.gem.20231218-4692-d00al2 sitelibdir\=./.gem.20231218-4692-d00al2 clean
