current directory: /home/deploy/myapp/shared/bundle/ruby/3.2.0/gems/psych-5.1.1.1/ext/psych
/home/deploy/.rbenv/versions/3.2.2/bin/ruby extconf.rb
checking for yaml.h... yes
checking for yaml_get_version() in -lyaml... yes
creating Makefile

current directory: /home/deploy/myapp/shared/bundle/ruby/3.2.0/gems/psych-5.1.1.1/ext/psych
make DESTDIR\= sitearchdir\=./.gem.20231218-4692-o1azfu sitelibdir\=./.gem.20231218-4692-o1azfu clean
cd libyaml && make clean
/bin/sh: 1: cd: can't cd to libyaml
make: [Makefile:283: clean-so] Error 2 (ignored)

current directory: /home/deploy/myapp/shared/bundle/ruby/3.2.0/gems/psych-5.1.1.1/ext/psych
make DESTDIR\= sitearchdir\=./.gem.20231218-4692-o1azfu sitelibdir\=./.gem.20231218-4692-o1azfu
compiling psych.c
compiling psych_emitter.c
compiling psych_parser.c
compiling psych_to_ruby.c
compiling psych_yaml_tree.c
linking shared-object psych.so

current directory: /home/deploy/myapp/shared/bundle/ruby/3.2.0/gems/psych-5.1.1.1/ext/psych
make DESTDIR\= sitearchdir\=./.gem.20231218-4692-o1azfu sitelibdir\=./.gem.20231218-4692-o1azfu install
/usr/bin/install -c -m 0755 psych.so ./.gem.20231218-4692-o1azfu

current directory: /home/deploy/myapp/shared/bundle/ruby/3.2.0/gems/psych-5.1.1.1/ext/psych
make DESTDIR\= sitearchdir\=./.gem.20231218-4692-o1azfu sitelibdir\=./.gem.20231218-4692-o1azfu clean
cd libyaml && make clean
/bin/sh: 1: cd: can't cd to libyaml
make: [Makefile:283: clean-so] Error 2 (ignored)
