current directory: /home/deploy/myapp/shared/bundle/ruby/3.2.0/gems/websocket-driver-0.7.6/ext/websocket-driver
/home/deploy/.rbenv/versions/3.2.2/bin/ruby extconf.rb
creating Makefile

current directory: /home/deploy/myapp/shared/bundle/ruby/3.2.0/gems/websocket-driver-0.7.6/ext/websocket-driver
make DESTDIR\= sitearchdir\=./.gem.20231218-4692-19z55j sitelibdir\=./.gem.20231218-4692-19z55j clean

current directory: /home/deploy/myapp/shared/bundle/ruby/3.2.0/gems/websocket-driver-0.7.6/ext/websocket-driver
make DESTDIR\= sitearchdir\=./.gem.20231218-4692-19z55j sitelibdir\=./.gem.20231218-4692-19z55j
compiling websocket_mask.c
websocket_mask.c: In function ‘Init_websocket_mask’:
websocket_mask.c:26:6: warning: old-style function definition [-Wold-style-definition]
   26 | void Init_websocket_mask()
      |      ^~~~~~~~~~~~~~~~~~~
websocket_mask.c: At top level:
cc1: note: unrecognized command-line option ‘-Wno-self-assign’ may have been intended to silence earlier diagnostics
cc1: note: unrecognized command-line option ‘-Wno-parentheses-equality’ may have been intended to silence earlier diagnostics
cc1: note: unrecognized command-line option ‘-Wno-constant-logical-operand’ may have been intended to silence earlier diagnostics
linking shared-object websocket_mask.so

current directory: /home/deploy/myapp/shared/bundle/ruby/3.2.0/gems/websocket-driver-0.7.6/ext/websocket-driver
make DESTDIR\= sitearchdir\=./.gem.20231218-4692-19z55j sitelibdir\=./.gem.20231218-4692-19z55j install
/usr/bin/install -c -m 0755 websocket_mask.so ./.gem.20231218-4692-19z55j

current directory: /home/deploy/myapp/shared/bundle/ruby/3.2.0/gems/websocket-driver-0.7.6/ext/websocket-driver
make DESTDIR\= sitearchdir\=./.gem.20231218-4692-19z55j sitelibdir\=./.gem.20231218-4692-19z55j clean
