current directory: /home/deploy/myapp/shared/bundle/ruby/3.2.0/gems/bcrypt_pbkdf-1.1.0/ext/mri
/home/deploy/.rbenv/versions/3.2.2/bin/ruby extconf.rb
creating Makefile

current directory: /home/deploy/myapp/shared/bundle/ruby/3.2.0/gems/bcrypt_pbkdf-1.1.0/ext/mri
make DESTDIR\= sitearchdir\=./.gem.20231218-20277-40yicl sitelibdir\=./.gem.20231218-20277-40yicl clean

current directory: /home/deploy/myapp/shared/bundle/ruby/3.2.0/gems/bcrypt_pbkdf-1.1.0/ext/mri
make DESTDIR\= sitearchdir\=./.gem.20231218-20277-40yicl sitelibdir\=./.gem.20231218-20277-40yicl
compiling bcrypt_pbkdf.c
compiling bcrypt_pbkdf_ext.c
bcrypt_pbkdf_ext.c: In function ‘Init_bcrypt_pbkdf_ext’:
bcrypt_pbkdf_ext.c:38:6: warning: old-style function definition [-Wold-style-definition]
   38 | void Init_bcrypt_pbkdf_ext(){
      |      ^~~~~~~~~~~~~~~~~~~~~
bcrypt_pbkdf_ext.c: At top level:
cc1: note: unrecognized command-line option ‘-Wno-self-assign’ may have been intended to silence earlier diagnostics
cc1: note: unrecognized command-line option ‘-Wno-parentheses-equality’ may have been intended to silence earlier diagnostics
cc1: note: unrecognized command-line option ‘-Wno-constant-logical-operand’ may have been intended to silence earlier diagnostics
compiling blowfish.c
compiling explicit_bzero.c
compiling hash_sha512.c
linking shared-object bcrypt_pbkdf_ext.so

current directory: /home/deploy/myapp/shared/bundle/ruby/3.2.0/gems/bcrypt_pbkdf-1.1.0/ext/mri
make DESTDIR\= sitearchdir\=./.gem.20231218-20277-40yicl sitelibdir\=./.gem.20231218-20277-40yicl install
/usr/bin/install -c -m 0755 bcrypt_pbkdf_ext.so ./.gem.20231218-20277-40yicl

current directory: /home/deploy/myapp/shared/bundle/ruby/3.2.0/gems/bcrypt_pbkdf-1.1.0/ext/mri
make DESTDIR\= sitearchdir\=./.gem.20231218-20277-40yicl sitelibdir\=./.gem.20231218-20277-40yicl clean
