current directory: /home/deploy/myapp/shared/bundle/ruby/3.2.0/gems/date-3.3.4/ext/date
/home/deploy/.rbenv/versions/3.2.2/bin/ruby extconf.rb
checking for rb_category_warn()... yes
checking for timezone in time.h with  -Werror... yes
checking for altzone in time.h with  -Werror... no
creating Makefile

current directory: /home/deploy/myapp/shared/bundle/ruby/3.2.0/gems/date-3.3.4/ext/date
make DESTDIR\= sitearchdir\=./.gem.20231218-4692-illyaq sitelibdir\=./.gem.20231218-4692-illyaq clean

current directory: /home/deploy/myapp/shared/bundle/ruby/3.2.0/gems/date-3.3.4/ext/date
make DESTDIR\= sitearchdir\=./.gem.20231218-4692-illyaq sitelibdir\=./.gem.20231218-4692-illyaq
compiling date_core.c
compiling date_parse.c
compiling date_strftime.c
compiling date_strptime.c
linking shared-object date_core.so

current directory: /home/deploy/myapp/shared/bundle/ruby/3.2.0/gems/date-3.3.4/ext/date
make DESTDIR\= sitearchdir\=./.gem.20231218-4692-illyaq sitelibdir\=./.gem.20231218-4692-illyaq install
/usr/bin/install -c -m 0755 date_core.so ./.gem.20231218-4692-illyaq

current directory: /home/deploy/myapp/shared/bundle/ruby/3.2.0/gems/date-3.3.4/ext/date
make DESTDIR\= sitearchdir\=./.gem.20231218-4692-illyaq sitelibdir\=./.gem.20231218-4692-illyaq clean
